<?xml version="1.0" encoding="UTF-8"?>
<!-- Generated by org.testng.reporters.JUnitReportReporter -->
<testsuite skipped="0" hostname="DESKTOP-J8OAB9K" name="ApiCalls" tests="1" failures="0" timestamp="10 Oct 2020 00:56:23 GMT" time="3.802" errors="0">
  <testcase name="createBoard" time="3.802" classname="ApiCalls"/>
</testsuite> <!-- ApiCalls -->
